#
# There is insufficient memory for the Java Runtime Environment to continue.
# Native memory allocation (mmap) failed to map 130023424 bytes for G1 virtual space
# Possible reasons:
#   The system is out of physical RAM or swap space
#   The process is running with CompressedOops enabled, and the Java Heap may be blocking the growth of the native heap
# Possible solutions:
#   Reduce memory load on the system
#   Increase physical memory or swap space
#   Check if swap backing store is full
#   Decrease Java heap size (-Xmx/-Xms)
#   Decrease number of Java threads
#   Decrease Java thread stack sizes (-Xss)
#   Set larger code cache with -XX:ReservedCodeCacheSize=
#   JVM is running with Unscaled Compressed Oops mode in which the Java heap is
#     placed in the first 4GB address space. The Java Heap base address is the
#     maximum limit for the native heap growth. Please use -XX:HeapBaseMinAddress
#     to set the Java Heap base and to place the Java Heap above 4GB virtual address.
# This output file may be truncated or incomplete.
#
#  Out of Memory Error (os_windows.cpp:3528), pid=19568, tid=5156
#
# JRE version:  (20.0.2+9) (build )
# Java VM: Java HotSpot(TM) 64-Bit Server VM (20.0.2+9-78, mixed mode, sharing, tiered, compressed oops, compressed class ptrs, g1 gc, windows-amd64)
# No core dump will be written. Minidumps are not enabled by default on client versions of Windows
#

---------------  S U M M A R Y ------------

Command Line: -Dclassworlds.conf=C:\Users\Karunya\.vscode\extensions\oracle.oracle-java-25.0.0\nbcode\java\maven\bin\m2.conf -Dmaven.home=C:\Users\Karunya\.vscode\extensions\oracle.oracle-java-25.0.0\nbcode\java\maven -Dlibrary.jansi.path=C:\Users\Karunya\.vscode\extensions\oracle.oracle-java-25.0.0\nbcode\java\maven\lib\jansi-native -Dmaven.multiModuleProjectDirectory=C:\Users\Karunya\resilient-pay-gateway\backend org.codehaus.plexus.classworlds.launcher.Launcher -DskipTests=true -Dmaven.ext.class.path=C:\Users\Karunya\.vscode\extensions\oracle.oracle-java-25.0.0\nbcode\java\maven-nblib\netbeans-eventspy.jar --no-transfer-progress --fail-at-end install

Host: 11th Gen Intel(R) Core(TM) i5-1135G7 @ 2.40GHz, 8 cores, 7G,  Windows 11 , 64 bit Build 26100 (10.0.26100.7309)
Time: Sun Jan 11 21:58:25 2026 India Standard Time elapsed time: 0.024181 seconds (0d 0h 0m 0s)

---------------  T H R E A D  ---------------

Current thread (0x000002656f573040):  JavaThread "Unknown thread" [_thread_in_vm, id=5156, stack(0x0000007e76400000,0x0000007e76500000)]

Stack: [0x0000007e76400000,0x0000007e76500000]
Native frames: (J=compiled Java code, j=interpreted, Vv=VM code, C=native code)
V  [jvm.dll+0x6bc25a]
V  [jvm.dll+0x84971a]
V  [jvm.dll+0x84b315]
V  [jvm.dll+0x84ba13]
V  [jvm.dll+0x280e4f]
V  [jvm.dll+0x6b8fe9]
V  [jvm.dll+0x6adbca]
V  [jvm.dll+0x35b165]
V  [jvm.dll+0x363386]
V  [jvm.dll+0x3b400e]
V  [jvm.dll+0x3b4295]
V  [jvm.dll+0x32b86a]
V  [jvm.dll+0x32c68b]
V  [jvm.dll+0x8123df]
V  [jvm.dll+0x3c1261]
V  [jvm.dll+0x7fe103]
V  [jvm.dll+0x44ccaf]
V  [jvm.dll+0x44e621]
C  [jli.dll+0x5287]
C  [ucrtbase.dll+0x37b0]
C  [KERNEL32.DLL+0x2e8d7]
C  [ntdll.dll+0x8c53c]


---------------  P R O C E S S  ---------------

Threads class SMR info:
_java_thread_list=0x00007ff834a5b118, length=0, elements={
}

Java Threads: ( => current thread )

Other Threads:
  0x000002656f5d44e0 WorkerThread "GC Thread#0" [stack: 0x0000007e76500000,0x0000007e76600000] [id=23236]
  0x000002656f5e5a20 ConcurrentGCThread "G1 Main Marker" [stack: 0x0000007e76600000,0x0000007e76700000] [id=20424]
  0x000002656f5e6bf0 WorkerThread "G1 Conc#0" [stack: 0x0000007e76700000,0x0000007e76800000] [id=11652]

[error occurred during error reporting (printing all threads), id 0xc0000005, EXCEPTION_ACCESS_VIOLATION (0xc0000005) at pc=0x00007ff83423eea7]
VM state: not at safepoint (not fully initialized)

VM Mutex/Monitor currently owned by a thread:  ([mutex/lock_event])
[0x000002656f571560] Heap_lock - owner thread: 0x000002656f573040

Heap address: 0x0000000084200000, size: 1982 MB, Compressed Oops mode: 32-bit

CDS archive(s) mapped at: [0x0000000000000000-0x0000000000000000-0x0000000000000000), size 0, SharedBaseAddress: 0x0000000800000000, ArchiveRelocationMode: 1.
Narrow klass base: 0x0000000000000000, Narrow klass shift: 0, Narrow klass range: 0x0

GC Precious Log:
 CardTable entry size: 512
 Card Set container configuration: InlinePtr #cards 5 size 8 Array Of Cards #cards 12 size 40 Howl #buckets 4 coarsen threshold 1843 Howl Bitmap #cards 512 size 80 coarsen threshold 460 Card regions per heap region 1 cards per card region 2048

Heap:
 garbage-first heap   total 0K, used 0K [0x0000000084200000, 0x0000000100000000)
  region size 1024K, 0 young (0K), 0 survivors (0K)

[error occurred during error reporting (printing heap information), id 0xc0000005, EXCEPTION_ACCESS_VIOLATION (0xc0000005) at pc=0x00007ff8346147b9]
GC Heap History (0 events):
No events

Dll operation events (1 events):
Event: 0.015 Loaded shared library C:\Program Files\Java\jdk-20\bin\java.dll

Deoptimization events (0 events):
No events

Classes loaded (0 events):
No events

Classes unloaded (0 events):
No events

Classes redefined (0 events):
No events

Internal exceptions (0 events):
No events

VM Operations (0 events):
No events

Events (0 events):
No events


Dynamic libraries:
0x00007ff6b41d0000 - 0x00007ff6b41e0000 	C:\Program Files\Java\jdk-20\bin\java.exe
0x00007ff8cfce0000 - 0x00007ff8cff47000 	C:\WINDOWS\SYSTEM32\ntdll.dll
0x00007ff8cec10000 - 0x00007ff8cecd9000 	C:\WINDOWS\System32\KERNEL32.DLL
0x00007ff8cd5d0000 - 0x00007ff8cd9bf000 	C:\WINDOWS\System32\KERNELBASE.dll
0x00007ff8ccfa0000 - 0x00007ff8cd0eb000 	C:\WINDOWS\System32\ucrtbase.dll
0x00007ff8b8e00000 - 0x00007ff8b8e1b000 	C:\Program Files\Java\jdk-20\bin\VCRUNTIME140.dll
0x00007ff8c78e0000 - 0x00007ff8c78f9000 	C:\Program Files\Java\jdk-20\bin\jli.dll
0x00007ff8ce5b0000 - 0x00007ff8ce664000 	C:\WINDOWS\System32\ADVAPI32.dll
0x00007ff8cf410000 - 0x00007ff8cf4b9000 	C:\WINDOWS\System32\msvcrt.dll
0x00007ff8cf330000 - 0x00007ff8cf3d6000 	C:\WINDOWS\System32\sechost.dll
0x00007ff8cdc20000 - 0x00007ff8cdd38000 	C:\WINDOWS\System32\RPCRT4.dll
0x00007ff8cde80000 - 0x00007ff8ce045000 	C:\WINDOWS\System32\USER32.dll
0x00007ff8cd470000 - 0x00007ff8cd497000 	C:\WINDOWS\System32\win32u.dll
0x00007ff8cf3e0000 - 0x00007ff8cf40b000 	C:\WINDOWS\System32\GDI32.dll
0x00007ff8b3840000 - 0x00007ff8b3ad3000 	C:\WINDOWS\WinSxS\amd64_microsoft.windows.common-controls_6595b64144ccf1df_6.0.26100.7309_none_3e05feeae336a044\COMCTL32.dll
0x00007ff8cd4a0000 - 0x00007ff8cd5cc000 	C:\WINDOWS\System32\gdi32full.dll
0x00007ff8ccef0000 - 0x00007ff8ccf93000 	C:\WINDOWS\System32\msvcp_win.dll
0x00007ff8bce00000 - 0x00007ff8bce0b000 	C:\WINDOWS\SYSTEM32\VERSION.dll
0x00007ff8cecf0000 - 0x00007ff8ced21000 	C:\WINDOWS\System32\IMM32.DLL
0x00007ff8b9fb0000 - 0x00007ff8b9fbc000 	C:\Program Files\Java\jdk-20\bin\vcruntime140_1.dll
0x00007ff8ad490000 - 0x00007ff8ad51e000 	C:\Program Files\Java\jdk-20\bin\msvcp140.dll
0x00007ff833f00000 - 0x00007ff834b98000 	C:\Program Files\Java\jdk-20\bin\server\jvm.dll
0x00007ff8bd2f0000 - 0x00007ff8bd2fa000 	C:\WINDOWS\SYSTEM32\WSOCK32.dll
0x00007ff8c5130000 - 0x00007ff8c5165000 	C:\WINDOWS\SYSTEM32\WINMM.dll
0x00007ff8cfc20000 - 0x00007ff8cfc94000 	C:\WINDOWS\System32\WS2_32.dll
0x00007ff8cbbe0000 - 0x00007ff8cbbfb000 	C:\WINDOWS\SYSTEM32\kernel.appcore.dll
0x00007ff8b9280000 - 0x00007ff8b928a000 	C:\Program Files\Java\jdk-20\bin\jimage.dll
0x00007ff8ca2e0000 - 0x00007ff8ca522000 	C:\WINDOWS\SYSTEM32\DBGHELP.DLL
0x00007ff8ced30000 - 0x00007ff8cf0b5000 	C:\WINDOWS\System32\combase.dll
0x00007ff8ce6b0000 - 0x00007ff8ce786000 	C:\WINDOWS\System32\OLEAUT32.dll
0x00007ff8ae370000 - 0x00007ff8ae3ac000 	C:\WINDOWS\SYSTEM32\dbgcore.DLL
0x00007ff8cd9d0000 - 0x00007ff8cda75000 	C:\WINDOWS\System32\bcryptPrimitives.dll
0x00007ff8911f0000 - 0x00007ff891216000 	C:\Program Files\Java\jdk-20\bin\java.dll

dbghelp: loaded successfully - version: 4.0.5 - missing functions: none
symbol engine: initialized successfully - sym options: 0x614 - pdb path: .;C:\Program Files\Java\jdk-20\bin;C:\WINDOWS\SYSTEM32;C:\WINDOWS\WinSxS\amd64_microsoft.windows.common-controls_6595b64144ccf1df_6.0.26100.7309_none_3e05feeae336a044;C:\Program Files\Java\jdk-20\bin\server

VM Arguments:
jvm_args: -Dclassworlds.conf=C:\Users\Karunya\.vscode\extensions\oracle.oracle-java-25.0.0\nbcode\java\maven\bin\m2.conf -Dmaven.home=C:\Users\Karunya\.vscode\extensions\oracle.oracle-java-25.0.0\nbcode\java\maven -Dlibrary.jansi.path=C:\Users\Karunya\.vscode\extensions\oracle.oracle-java-25.0.0\nbcode\java\maven\lib\jansi-native -Dmaven.multiModuleProjectDirectory=C:\Users\Karunya\resilient-pay-gateway\backend 
java_command: org.codehaus.plexus.classworlds.launcher.Launcher -DskipTests=true -Dmaven.ext.class.path=C:\Users\Karunya\.vscode\extensions\oracle.oracle-java-25.0.0\nbcode\java\maven-nblib\netbeans-eventspy.jar --no-transfer-progress --fail-at-end install
java_class_path (initial): C:\Users\Karunya\.vscode\extensions\oracle.oracle-java-25.0.0\nbcode\java\maven\boot\plexus-classworlds-2.9.0.jar
Launcher Type: SUN_STANDARD

[Global flags]
     intx CICompilerCount                          = 4                                         {product} {ergonomic}
     uint ConcGCThreads                            = 2                                         {product} {ergonomic}
     uint G1ConcRefinementThreads                  = 8                                         {product} {ergonomic}
   size_t G1HeapRegionSize                         = 1048576                                   {product} {ergonomic}
    uintx GCDrainStackTargetSize                   = 64                                        {product} {ergonomic}
   size_t InitialHeapSize                          = 130023424                                 {product} {ergonomic}
   size_t MarkStackSize                            = 4194304                                   {product} {ergonomic}
   size_t MaxHeapSize                              = 2078277632                                {product} {ergonomic}
   size_t MinHeapDeltaBytes                        = 1048576                                   {product} {ergonomic}
   size_t MinHeapSize                              = 8388608                                   {product} {ergonomic}
    uintx NonNMethodCodeHeapSize                   = 5839372                                {pd product} {ergonomic}
    uintx NonProfiledCodeHeapSize                  = 122909434                              {pd product} {ergonomic}
    uintx ProfiledCodeHeapSize                     = 122909434                              {pd product} {ergonomic}
    uintx ReservedCodeCacheSize                    = 251658240                              {pd product} {ergonomic}
     bool SegmentedCodeCache                       = true                                      {product} {ergonomic}
   size_t SoftMaxHeapSize                          = 2078277632                             {manageable} {ergonomic}
     bool UseCompressedClassPointers               = true                           {product lp64_product} {ergonomic}
     bool UseCompressedOops                        = true                           {product lp64_product} {ergonomic}
     bool UseG1GC                                  = true                                      {product} {ergonomic}
     bool UseLargePagesIndividualAllocation        = false                                  {pd product} {ergonomic}

Logging:
Log output configuration:
 #0: stdout all=warning uptime,level,tags foldmultilines=false
 #1: stderr all=off uptime,level,tags foldmultilines=false

Environment Variables:
JAVA_HOME=C:\Program Files\Java\jdk-20
PATH=E:\oracle\product\10.2.0\db_1\bin;C:\app\Karunya\product\21c\dbhomeXE\bin;C:\Program Files\Common Files\Oracle\Java\javapath;C:\WINDOWS\system32;C:\WINDOWS;C:\WINDOWS\System32\Wbem;C:\WINDOWS\System32\WindowsPowerShell\v1.0\;C:\WINDOWS\System32\OpenSSH\;C:\Program Files\dotnet\;C:\Program Files\PuTTY\;C:\Program Files\Git\cmd;C:\Program Files\Docker\Docker\resources\bin;C:\Program Files\OpenSSL-Win64\bin;C:\Program Files\OpenSSL-Win64\bin;C:\Program Files\apache-maven-3.9.6\bin;C:\Users\Karunya\AppData\Local\nvm;C:\nvm4w\nodejs;C:\nvm4w\nodejs;C:\Users\Karunya\AppData\Local\nvm;C:\Users\Karunya\AppData\Local\nvm\v18.20.8\;C:\Program Files\nodejs\;E:\oracle\product\10.2.0\db_1\bin;C:\app\Karunya\product\21c\dbhomeXE\bin;C:\Program Files\Common Files\Oracle\Java\javapath;C:\WINDOWS\system32;C:\WINDOWS;C:\WINDOWS\System32\Wbem;C:\WINDOWS\System32\WindowsPowerShell\v1.0\;C:\WINDOWS\System32\OpenSSH\;C:\Program Files\dotnet\;C:\Program Files\PuTTY\;C:\Program Files\Git\cmd;C:\Program Files\Docker\Docker\resources\bin;C:\Program Files\OpenSSL-Win64\bin;C:\Program Files\OpenSSL-Win64\bin;C:\Users\Karunya\AppData\Local\Programs\Python\Python313\Scripts\;C:\Users\Karunya\AppData\Local\Programs\Python\Python313\;C:\Users\Karunya\AppData\Local\Programs\Python\Launcher\;C:\Users\Karunya\AppData\Local\Microsoft\WindowsApps;C:\Users\Karunya\AppData\Local\Programs\Microsoft VS Code\bin;C:\Users\Karunya\Downloads\dartsdk-windows-x64-release\dart-sdk\bin;C:\Users\Karunya\AppData\Local\Programs\Python\Python312\;C:\Users\Karunya\AppData\Local\Programs\Python\Python312\Scripts\;C:\Program Files\JetBrains\PyCh;D:\Maven\apache-maven-3.9.6\bin;C:\Users\Karunya\AppData\Roaming\npm;C:\Users\Karunya\AppData\Local\nvm;C:\nvm4w\nodejs;C:\Users\Karunya\AppData\Local\nvm;C:\nvm4w\nodejs;C:\Users\Karunya\AppData\Local\nvm;
USERNAME=Karunya
OS=Windows_NT
PROCESSOR_IDENTIFIER=Intel64 Family 6 Model 140 Stepping 1, GenuineIntel
TMP=C:\Users\Karunya\AppData\Local\Temp
TEMP=C:\Users\Karunya\AppData\Local\Temp




---------------  S Y S T E M  ---------------

OS:
 Windows 11 , 64 bit Build 26100 (10.0.26100.7309)
OS uptime: 0 days 0:42 hours
Hyper-V role detected

CPU: total 8 (initial active 8) (4 cores per cpu, 2 threads per core) family 6 model 140 stepping 1 microcode 0xbc, cx8, cmov, fxsr, ht, mmx, 3dnowpref, sse, sse2, sse3, ssse3, sse4.1, sse4.2, popcnt, lzcnt, tsc, tscinvbit, avx, avx2, aes, erms, clmul, bmi1, bmi2, adx, avx512f, avx512dq, avx512cd, avx512bw, avx512vl, sha, fma, vzeroupper, avx512_vpopcntdq, avx512_vpclmulqdq, avx512_vaes, avx512_vnni, clflush, clflushopt, clwb, avx512_vbmi2, avx512_vbmi, hv, rdtscp, rdpid, fsrm, gfni, avx512_bitalg, f16c, cet_ibt, cet_ss, avx512_ifma

Memory: 4k page, system-wide physical 7926M (1058M free)
TotalPageFile size 16909M (AvailPageFile size 17M)
current process WorkingSet (physical memory assigned to process): 12M, peak: 12M
current process commit charge ("private bytes"): 60M, peak: 184M

vm_info: Java HotSpot(TM) 64-Bit Server VM (20.0.2+9-78) for windows-amd64 JRE (20.0.2+9-78), built on 2023-06-14T10:08:48Z by "mach5one" with MS VC++ 17.1 (VS2022)

END.
